# JRE version: Java(TM) SE Runtime Environment (8.0_45-b14) (build 1.8.0_45-b14)
# Java VM: Java HotSpot(TM) 64-Bit Server VM (25.45-b02 mixed mode linux-amd64 compressed oops)
Heap:
 PSYoungGen      total 11776K, used 2391K [0x00000000f5580000, 0x00000000f6c80000, 0x0000000100000000)
  eden space 10240K, 8% used [0x00000000f5580000,0x00000000f5659dd8,0x00000000f5f80000)
  from space 1536K, 98% used [0x00000000f6100000,0x00000000f627c020,0x00000000f6280000)
  to   space 1536K, 0% used [0x00000000f5f80000,0x00000000f5f80000,0x00000000f6100000)
 ParOldGen       total 27648K, used 4929K [0x00000000e0000000, 0x00000000e1b00000, 0x00000000f5580000)
  object space 27648K, 17% used [0x00000000e0000000,0x00000000e04d0510,0x00000000e1b00000)
 Metaspace       used 7053K, capacity 7188K, committed 7424K, reserved 1056768K
  class space    used 734K, capacity 759K, committed 768K, reserved 1048576K
GC Heap History (4 events):
Event: 1.992 GC heap before
{Heap before GC invocations=1 (full 0):
 PSYoungGen      total 11776K, used 10240K [0x00000000f5580000, 0x00000000f6280000, 0x0000000100000000)
  eden space 10240K, 100% used [0x00000000f5580000,0x00000000f5f80000,0x00000000f5f80000)
  from space 1536K, 0% used [0x00000000f6100000,0x00000000f6100000,0x00000000f6280000)
  to   space 1536K, 0% used [0x00000000f5f80000,0x00000000f5f80000,0x00000000f6100000)
 ParOldGen       total 27648K, used 0K [0x00000000e0000000, 0x00000000e1b00000, 0x00000000f5580000)
  object space 27648K, 0% used [0x00000000e0000000,0x00000000e0000000,0x00000000e1b00000)
 Metaspace       used 5741K, capacity 5876K, committed 6144K, reserved 1056768K
  class space    used 602K, capacity 663K, committed 768K, reserved 1048576K
Event: 1.997 GC heap after
Heap after GC invocations=1 (full 0):
 PSYoungGen      total 11776K, used 1520K [0x00000000f5580000, 0x00000000f6280000, 0x0000000100000000)
  eden space 10240K, 0% used [0x00000000f5580000,0x00000000f5580000,0x00000000f5f80000)
  from space 1536K, 98% used [0x00000000f5f80000,0x00000000f60fc010,0x00000000f6100000)
  to   space 1536K, 0% used [0x00000000f6100000,0x00000000f6100000,0x00000000f6280000)
 ParOldGen       total 27648K, used 1000K [0x00000000e0000000, 0x00000000e1b00000, 0x00000000f5580000)
  object space 27648K, 3% used [0x00000000e0000000,0x00000000e00fa0b8,0x00000000e1b00000)
 Metaspace       used 5741K, capacity 5876K, committed 6144K, reserved 1056768K
  class space    used 602K, capacity 663K, committed 768K, reserved 1048576K
}
Event: 2.540 GC heap before
{Heap before GC invocations=2 (full 0):
 PSYoungGen      total 11776K, used 11760K [0x00000000f5580000, 0x00000000f6280000, 0x0000000100000000)
  eden space 10240K, 100% used [0x00000000f5580000,0x00000000f5f80000,0x00000000f5f80000)
  from space 1536K, 98% used [0x00000000f5f80000,0x00000000f60fc010,0x00000000f6100000)
  to   space 1536K, 0% used [0x00000000f6100000,0x00000000f6100000,0x00000000f6280000)
 ParOldGen       total 27648K, used 1000K [0x00000000e0000000, 0x00000000e1b00000, 0x00000000f5580000)
  object space 27648K, 3% used [0x00000000e0000000,0x00000000e00fa0b8,0x00000000e1b00000)
 Metaspace       used 7045K, capacity 7188K, committed 7424K, reserved 1056768K
  class space    used 734K, capacity 759K, committed 768K, reserved 1048576K
Event: 2.552 GC heap after
Heap after GC invocations=2 (full 0):
 PSYoungGen      total 11776K, used 1520K [0x00000000f5580000, 0x00000000f6c80000, 0x0000000100000000)
  eden space 10240K, 0% used [0x00000000f5580000,0x00000000f5580000,0x00000000f5f80000)
  from space 1536K, 98% used [0x00000000f6100000,0x00000000f627c020,0x00000000f6280000)
  to   space 1536K, 0% used [0x00000000f5f80000,0x00000000f5f80000,0x00000000f6100000)
 ParOldGen       total 27648K, used 4929K [0x00000000e0000000, 0x00000000e1b00000, 0x00000000f5580000)
  object space 27648K, 17% used [0x00000000e0000000,0x00000000e04d0510,0x00000000e1b00000)
 Metaspace       used 7045K, capacity 7188K, committed 7424K, reserved 1056768K
  class space    used 734K, capacity 759K, committed 768K, reserved 1048576K
}

